<?xml version="1.0" encoding="UTF-8"?>
<!-- Generated by org.testng.reporters.JUnitReportReporter -->
<testsuite hostname="DESKTOP-K6AJARU" failures="0" tests="2" name="test.SwagLabLoginTest" time="6.928" errors="0" timestamp="2024-11-15T00:17:32 IST" skipped="0">
  <testcase classname="test.SwagLabLoginTest" name="verifyIfUserIsAbleToLoginWithValidCredentials" time="4.085"/>
  <testcase classname="test.SwagLabLoginTest" name="verifyIfWarningMessageIsDisplayedForLockedUser" time="2.843"/>
</testsuite> <!-- test.SwagLabLoginTest -->
